<?xml version="1.0" encoding="UTF-8"?>
<!-- Generated by org.testng.reporters.JUnitReportReporter -->
<testsuite hostname="ivhy-dell" failures="0" tests="1" name="Tests" time="0.848" errors="0" timestamp="2021-09-16T22:54:15 PET" skipped="0">
  <testcase classname="Tests" name="Test01" time="0.848"/>
  <system-out/>
</testsuite> <!-- Tests -->
